<?xml version="1.0" encoding="UTF-8"?>
<!-- Generated by org.testng.reporters.JUnitReportReporter -->
<testsuite skipped="0" hostname="LAPTOP-PNIELADA" name="uiautomation.TestClass" tests="8" failures="0" timestamp="2022-02-15T19:14:07 IST" time="20.378" errors="0">
  <testcase name="testFormAuthentication2" time="2.532" classname="uiautomation.TestClass"/>
  <system-out/>
  <testcase name="testDropdown" time="1.667" classname="uiautomation.TestClass"/>
  <system-out/>
  <testcase name="testTables" time="2.162" classname="uiautomation.TestClass"/>
  <system-out/>
  <testcase name="testFormAuthentication2" time="2.829" classname="uiautomation.TestClass"/>
  <system-out/>
  <testcase name="testCheckBoxes" time="1.727" classname="uiautomation.TestClass"/>
  <system-out/>
  <testcase name="testInputs" time="1.481" classname="uiautomation.TestClass"/>
  <system-out/>
  <testcase name="testFormAuthentication2" time="2.869" classname="uiautomation.TestClass"/>
  <system-out/>
  <testcase name="testFormAuthentication" time="5.111" classname="uiautomation.TestClass"/>
  <system-out/>
</testsuite> <!-- uiautomation.TestClass -->
